<?xml version="1.0" encoding="UTF-8"?>
<!-- Generated by org.testng.reporters.JUnitReportReporter -->
<testsuite hostname="vijju-123" failures="0" tests="1" name="com.mypack.NewScript" time="10.985" errors="0" timestamp="2024-06-21T12:04:05 IST" skipped="0">
  <testcase classname="com.mypack.NewScript" name="script" time="10.985"/>
</testsuite> <!-- com.mypack.NewScript -->
