<?xml version="1.0" encoding="UTF-8"?>
<!-- Generated by org.testng.reporters.JUnitReportReporter -->
<testsuite hostname="vijju-123" failures="0" tests="1" name="com.mypack.facebook" time="3.537" errors="0" timestamp="2024-06-15T09:58:33 IST" skipped="0">
  <testcase classname="com.mypack.facebook" name="script" time="3.537"/>
</testsuite> <!-- com.mypack.facebook -->
