<?xml version="1.0" encoding="UTF-8"?>
<!-- Generated by org.testng.reporters.JUnitReportReporter -->
<testsuite hostname="vijju-123" failures="0" tests="1" name="com.mypack.practise" time="34.221" errors="0" timestamp="2024-06-14T08:33:27 IST" skipped="0">
  <testcase classname="com.mypack.practise" name="script" time="34.221"/>
</testsuite> <!-- com.mypack.practise -->
