<?xml version="1.0" encoding="UTF-8"?>
<!-- Generated by org.testng.reporters.JUnitReportReporter -->
<testsuite hostname="vijju-123" failures="0" tests="1" name="com.mypack.UnionBank" time="8.160" errors="0" timestamp="2024-06-15T10:09:17 IST" skipped="0">
  <testcase classname="com.mypack.UnionBank" name="script" time="8.160"/>
</testsuite> <!-- com.mypack.UnionBank -->
