<?xml version="1.0" encoding="UTF-8"?>
<!-- Generated by org.testng.reporters.JUnitReportReporter -->
<testsuite hostname="vijju-123" failures="0" tests="1" name="com.mypack.Ecommerce" time="8.065" errors="0" timestamp="2024-06-14T08:32:23 IST" skipped="0">
  <testcase classname="com.mypack.Ecommerce" name="script" time="8.065"/>
</testsuite> <!-- com.mypack.Ecommerce -->
