<?xml version="1.0" encoding="UTF-8"?>
<!-- Generated by org.testng.reporters.JUnitReportReporter -->
<testsuite hostname="vijju-123" failures="0" tests="1" name="com.mypack.flipkart" time="6.352" errors="0" timestamp="2024-06-15T10:10:43 IST" skipped="0">
  <testcase classname="com.mypack.flipkart" name="script" time="6.352"/>
</testsuite> <!-- com.mypack.flipkart -->
